Added Component: Designator=U5(LGA-12)
Add component. Clean all parameters for all variants
Add component (AddParameter): Name = "Datasheet Link"; Value = "https://componentsearchengine.com//LIS2DW12TR.pdf"; VariantName = "[No Variations]"
Add component (AddParameter): Name = "Manufacturer_Name"; Value = "STMicroelectronics"; VariantName = "[No Variations]"
Add component (AddParameter): Name = "Manufacturer_Part_Number"; Value = "LIS2DW12TR"; VariantName = "[No Variations]"
Add component (AddParameter): Name = "Mouser2 Part Number"; Value = "511-LIS2DW12TR"; VariantName = "[No Variations]"
Add component (AddParameter): Name = "Mouser2 Price/Stock"; Value = "https://www.mouser.com/Search/Refine.aspx?Keyword=511-LIS2DW12TR"; VariantName = "[No Variations]"
Added Pin To Net: NetName=POT_SCK Pin=U5-1
Added Pin To Net: NetName=Accelerometer_CS Pin=U5-2
Added Pin To Net: NetName=POT_MISO Pin=U5-3
Added Pin To Net: NetName=POT_MOSI Pin=U5-4
Added Pin To Net: NetName=GND Pin=U5-6
Added Pin To Net: NetName=GND Pin=U5-7
Added Pin To Net: NetName=GND Pin=U5-8
Added Pin To Net: NetName=3V3 Pin=U5-9
Added Pin To Net: NetName=3V3 Pin=U5-10
Added Pin To Net: NetName=Accel_INT Pin=U5-12
Added Member To Class: ClassName=Sheet4 Member=Component C1 10 uF
Added Member To Class: ClassName=Sheet4 Member=Component C2 0.01 uF
Added Member To Class: ClassName=Sheet4 Member=Component C3 35V
Added Member To Class: ClassName=Sheet4 Member=Component C4 100 nF
Added Member To Class: ClassName=Sheet4 Member=Component C5 100 nF
Added Member To Class: ClassName=Sheet4 Member=Component C6 100 nF
Added Member To Class: ClassName=Sheet4 Member=Component C7 100 nF
Added Member To Class: ClassName=Sheet4 Member=Component C8 4.7 uF
Added Member To Class: ClassName=Sheet4 Member=Component C9 4.7 uF
Added Member To Class: ClassName=Sheet4 Member=Component C10 4.7 uF
Added Member To Class: ClassName=Sheet4 Member=Component C11 4.7 uF
Added Member To Class: ClassName=Sheet4 Member=Component C12 CL21B105KBFNNNE
Added Member To Class: ClassName=Sheet4 Member=Component CAN SN65HVD1050DR
Added Member To Class: ClassName=Sheet4 Member=Component D1 SS14
Added Member To Class: ClassName=Sheet4 Member=Component D2 B5819W-SL
Added Member To Class: ClassName=Sheet4 Member=Component F1 250 mA
Added Member To Class: ClassName=Sheet4 Member=Component FB1 GZ2012D601TF
Added Member To Class: ClassName=Sheet4 Member=Component J1 43650-0900
Added Member To Class: ClassName=Sheet4 Member=Component J2 43650-0215
Added Member To Class: ClassName=Sheet4 Member=Component J3 43650-0215
Added Member To Class: ClassName=Sheet4 Member=Component J4 43650-0215
Added Member To Class: ClassName=Sheet4 Member=Component J5 43650-0215
Added Member To Class: ClassName=Sheet4 Member=Component J6 43650-0215
Added Member To Class: ClassName=Sheet4 Member=Component J7 43650-0215
Added Member To Class: ClassName=Sheet4 Member=Component J8 43650-0215
Added Member To Class: ClassName=Sheet4 Member=Component J9 43650-0215
Added Member To Class: ClassName=Sheet4 Member=Component JTAG Header 10X2A
Added Member To Class: ClassName=Sheet4 Member=Component L1 MWSA0603-150MT (15uH)
Added Member To Class: ClassName=Sheet4 Member=Component LCD HY28B
Added Member To Class: ClassName=Sheet4 Member=Component LED1 43650-0215
Added Member To Class: ClassName=Sheet4 Member=Component LED2 43650-0215
Added Member To Class: ClassName=Sheet4 Member=Component LED3 43650-0215
Added Member To Class: ClassName=Sheet4 Member=Component LED4 43650-0215
Added Member To Class: ClassName=Sheet4 Member=Component LED5 43650-0215
Added Member To Class: ClassName=Sheet4 Member=Component MAIN 43650-0900
Added Member To Class: ClassName=Sheet4 Member=Component Q1 AO3401A
Added Member To Class: ClassName=Sheet4 Member=Component R1 1206W4F1002T5E (10K)
Added Member To Class: ClassName=Sheet4 Member=Component R2 0603WAF3241T5E (3.24K)
Added Member To Class: ClassName=Sheet4 Member=Component R3 100k
Added Member To Class: ClassName=Sheet4 Member=Component R4 68k
Added Member To Class: ClassName=Sheet4 Member=Component R5 120 ohm
Added Member To Class: ClassName=Sheet4 Member=Component R6 Res1
Added Member To Class: ClassName=Sheet4 Member=Component R7 Res1
Added Member To Class: ClassName=Sheet4 Member=Component R8 Res1
Added Member To Class: ClassName=Sheet4 Member=Component R9 Res1
Added Member To Class: ClassName=Sheet4 Member=Component R10 Res1
Added Member To Class: ClassName=Sheet4 Member=Component R11 100k
Added Member To Class: ClassName=Sheet4 Member=Component SMPS TPS5430MDDAREP
Added Member To Class: ClassName=Sheet4 Member=Component STM32 STM32F072RBT6
Added Member To Class: ClassName=Sheet4 Member=Component U1 USBLC6-2SC6
Added Member To Class: ClassName=Sheet4 Member=Component U2 CP2104-F03-GMR
Added Member To Class: ClassName=Sheet4 Member=Component U3 MCP41010-I_SN
Added Member To Class: ClassName=Sheet4 Member=Component U4 MCP41010-I_SN
Added Member To Class: ClassName=Sheet4 Member=Component U5 LIS2DW12TR
Added Member To Class: ClassName=Sheet4 Member=Component USB 47346-0001
Added Room: Name=Sheet4
