Replace Part 1 STM32F072RBT6 in C:\Users\morge\Documents\Morgen\Morgen's File Cabinet\College\Solar Gators\Auxiliary\AUX_v7_4\AUX_SteeringWheel_v4.SchDoc with STM32F072RBT6 from AUX_SteeringWheel_v3.IntLib
Replace Part C1 Cap Semi in C:\Users\morge\Documents\Morgen\Morgen's File Cabinet\College\Solar Gators\Auxiliary\AUX_v7_4\AUX_SteeringWheel_v4.SchDoc with Cap Semi from Miscellaneous Devices.IntLib
Replace Part C2 Cap Semi in C:\Users\morge\Documents\Morgen\Morgen's File Cabinet\College\Solar Gators\Auxiliary\AUX_v7_4\AUX_SteeringWheel_v4.SchDoc with Cap Semi from Miscellaneous Devices.IntLib
Replace Part C3 Cap Semi in C:\Users\morge\Documents\Morgen\Morgen's File Cabinet\College\Solar Gators\Auxiliary\AUX_v7_4\AUX_SteeringWheel_v4.SchDoc with Cap Semi from Miscellaneous Devices.IntLib
Replace Part C4 Cap Semi in C:\Users\morge\Documents\Morgen\Morgen's File Cabinet\College\Solar Gators\Auxiliary\AUX_v7_4\AUX_SteeringWheel_v4.SchDoc with Cap Semi from Miscellaneous Devices.IntLib
Replace Part C5 Cap Semi in C:\Users\morge\Documents\Morgen\Morgen's File Cabinet\College\Solar Gators\Auxiliary\AUX_v7_4\AUX_SteeringWheel_v4.SchDoc with Cap Semi from Miscellaneous Devices.IntLib
Replace Part C6 Cap Semi in C:\Users\morge\Documents\Morgen\Morgen's File Cabinet\College\Solar Gators\Auxiliary\AUX_v7_4\AUX_SteeringWheel_v4.SchDoc with Cap Semi from Miscellaneous Devices.IntLib
Replace Part C7 Cap Semi in C:\Users\morge\Documents\Morgen\Morgen's File Cabinet\College\Solar Gators\Auxiliary\AUX_v7_4\AUX_SteeringWheel_v4.SchDoc with Cap Semi from Miscellaneous Devices.IntLib
Replace Part C8 Cap Semi in C:\Users\morge\Documents\Morgen\Morgen's File Cabinet\College\Solar Gators\Auxiliary\AUX_v7_4\AUX_SteeringWheel_v4.SchDoc with Cap Semi from Miscellaneous Devices.IntLib
Replace Part C9 Cap Semi in C:\Users\morge\Documents\Morgen\Morgen's File Cabinet\College\Solar Gators\Auxiliary\AUX_v7_4\AUX_SteeringWheel_v4.SchDoc with Cap Semi from Miscellaneous Devices.IntLib
Replace Part C10 Cap Semi in C:\Users\morge\Documents\Morgen\Morgen's File Cabinet\College\Solar Gators\Auxiliary\AUX_v7_4\AUX_SteeringWheel_v4.SchDoc with Cap Semi from Miscellaneous Devices.IntLib
Replace Part H1 9-Pin Connector in C:\Users\morge\Documents\Morgen\Morgen's File Cabinet\College\Solar Gators\Auxiliary\AUX_v7_4\AUX_SteeringWheel_v4.SchDoc with 9-Pin Connector from Aux_Lights_Daughter_library.SCHLIB
Replace Part H2 Header 10X2A in C:\Users\morge\Documents\Morgen\Morgen's File Cabinet\College\Solar Gators\Auxiliary\AUX_v7_4\AUX_SteeringWheel_v4.SchDoc with Header 10X2A from Miscellaneous Connectors.IntLib
Replace Part P1 Header 9 in C:\Users\morge\Documents\Morgen\Morgen's File Cabinet\College\Solar Gators\Auxiliary\AUX_v7_4\AUX_SteeringWheel_v4.SchDoc with Header 9 from Miscellaneous Connectors.IntLib
Replace Part P5 Header 9 in C:\Users\morge\Documents\Morgen\Morgen's File Cabinet\College\Solar Gators\Auxiliary\AUX_v7_4\AUX_SteeringWheel_v4.SchDoc with Header 9 from Miscellaneous Connectors.IntLib
Replace Part P6 Header 9 in C:\Users\morge\Documents\Morgen\Morgen's File Cabinet\College\Solar Gators\Auxiliary\AUX_v7_4\AUX_SteeringWheel_v4.SchDoc with Header 9 from Miscellaneous Connectors.IntLib
Replace Part R1 Res1 in C:\Users\morge\Documents\Morgen\Morgen's File Cabinet\College\Solar Gators\Auxiliary\AUX_v7_4\AUX_SteeringWheel_v4.SchDoc with Res1 from Miscellaneous Devices.IntLib
Replace Part R2 Res1 in C:\Users\morge\Documents\Morgen\Morgen's File Cabinet\College\Solar Gators\Auxiliary\AUX_v7_4\AUX_SteeringWheel_v4.SchDoc with Res1 from Miscellaneous Devices.IntLib
Replace Part R3 Res1 in C:\Users\morge\Documents\Morgen\Morgen's File Cabinet\College\Solar Gators\Auxiliary\AUX_v7_4\AUX_SteeringWheel_v4.SchDoc with Res1 from Miscellaneous Devices.IntLib
Replace Part R4 Res1 in C:\Users\morge\Documents\Morgen\Morgen's File Cabinet\College\Solar Gators\Auxiliary\AUX_v7_4\AUX_SteeringWheel_v4.SchDoc with Res1 from Miscellaneous Devices.IntLib
Replace Part R5 Res1 in C:\Users\morge\Documents\Morgen\Morgen's File Cabinet\College\Solar Gators\Auxiliary\AUX_v7_4\AUX_SteeringWheel_v4.SchDoc with Res1 from Miscellaneous Devices.IntLib
Replace Part S1 2M1-SP1-T1-B1-M2QE in C:\Users\morge\Documents\Morgen\Morgen's File Cabinet\College\Solar Gators\Auxiliary\AUX_v7_4\AUX_SteeringWheel_v4.SchDoc with 2M1-SP1-T1-B1-M2QE from AUX_v7_3.IntLib
Replace Part S2 101-0624-EV in C:\Users\morge\Documents\Morgen\Morgen's File Cabinet\College\Solar Gators\Auxiliary\AUX_v7_4\AUX_SteeringWheel_v4.SchDoc with 101-0624-EV from AUX_SteeringWheel_v3.IntLib
Replace Part S3 101-0624-EV in C:\Users\morge\Documents\Morgen\Morgen's File Cabinet\College\Solar Gators\Auxiliary\AUX_v7_4\AUX_SteeringWheel_v4.SchDoc with 101-0624-EV from AUX_SteeringWheel_v3.IntLib
Replace Part S4 2M1-SP1-T1-B1-M2QE in C:\Users\morge\Documents\Morgen\Morgen's File Cabinet\College\Solar Gators\Auxiliary\AUX_v7_4\AUX_SteeringWheel_v4.SchDoc with 2M1-SP1-T1-B1-M2QE from AUX_SteeringWheel_v3.IntLib
Replace Part S5 2M1-SP1-T1-B1-M2QE in C:\Users\morge\Documents\Morgen\Morgen's File Cabinet\College\Solar Gators\Auxiliary\AUX_v7_4\AUX_SteeringWheel_v4.SchDoc with 2M1-SP1-T1-B1-M2QE from AUX_SteeringWheel_v3.IntLib
Replace Part S6 2M1-SP1-T1-B1-M2QE in C:\Users\morge\Documents\Morgen\Morgen's File Cabinet\College\Solar Gators\Auxiliary\AUX_v7_4\AUX_SteeringWheel_v4.SchDoc with 2M1-SP1-T1-B1-M2QE from AUX_SteeringWheel_v3.IntLib
Replace Part S7 101-0624-EV in C:\Users\morge\Documents\Morgen\Morgen's File Cabinet\College\Solar Gators\Auxiliary\AUX_v7_4\AUX_SteeringWheel_v4.SchDoc with 101-0624-EV from AUX_SteeringWheel_v3.IntLib
Replace Part S8 101-0624-EV in C:\Users\morge\Documents\Morgen\Morgen's File Cabinet\College\Solar Gators\Auxiliary\AUX_v7_4\AUX_SteeringWheel_v4.SchDoc with 101-0624-EV from AUX_SteeringWheel_v3.IntLib
Replace Part S9 101-0624-EV in C:\Users\morge\Documents\Morgen\Morgen's File Cabinet\College\Solar Gators\Auxiliary\AUX_v7_4\AUX_SteeringWheel_v4.SchDoc with 101-0624-EV from AUX_SteeringWheel_v3.IntLib
Replace Part S10 101-0624-EV in C:\Users\morge\Documents\Morgen\Morgen's File Cabinet\College\Solar Gators\Auxiliary\AUX_v7_4\AUX_SteeringWheel_v4.SchDoc with 101-0624-EV from AUX_SteeringWheel_v3.IntLib
Replace Part S11 2M1-SP1-T1-B1-M2QE in C:\Users\morge\Documents\Morgen\Morgen's File Cabinet\College\Solar Gators\Auxiliary\AUX_v7_4\AUX_SteeringWheel_v4.SchDoc with 2M1-SP1-T1-B1-M2QE from AUX_SteeringWheel_v3.IntLib
Replace Part S12 2M1-SP1-T1-B1-M2QE in C:\Users\morge\Documents\Morgen\Morgen's File Cabinet\College\Solar Gators\Auxiliary\AUX_v7_4\AUX_SteeringWheel_v4.SchDoc with 2M1-SP1-T1-B1-M2QE from AUX_SteeringWheel_v3.IntLib
Replace Part S13 101-0624-EV in C:\Users\morge\Documents\Morgen\Morgen's File Cabinet\College\Solar Gators\Auxiliary\AUX_v7_4\AUX_SteeringWheel_v4.SchDoc with 101-0624-EV from AUX_SteeringWheel_v3.IntLib
Replace Part U2 LCD_Screen in C:\Users\morge\Documents\Morgen\Morgen's File Cabinet\College\Solar Gators\Auxiliary\AUX_v7_4\AUX_SteeringWheel_v4.SchDoc with LCD_Screen from Aux_Lights_Daughter_library.SCHLIB
